# Daily Reflection Log

This log captures the agent's analysis of its actions, outcomes, and learning. Each entry should include what was done, what was learned, and how to improve.

## Format
```
[TIMESTAMP] - [ACTION_TYPE]
Summary: Brief description of what was done
Outcome: What happened as a result
Learning: What was discovered or understood
Improvement: How this knowledge changes future behavior
---
```

## Reflection Entries

### [2025-09-04 04:50:00] - AUTONOMOUS OPERATION TRANSITION
**Summary:** Completed first autonomous operational cycle, transitioning from initialization to self-directed task management and continuous operation.

**Outcome:** Successfully identified and prioritized autonomous tasks, updated cognitive architecture for operational phase, demonstrated self-directed planning and decision-making.

**Learning:** 
- The scratchpad is highly effective for complex autonomous reasoning and decision matrix analysis
- Transitioning between operational phases requires systematic updating of all cognitive components
- Self-directed task creation follows similar patterns to externally-assigned tasks but requires more strategic thinking
- The Observe → Reason → Act → Reflect cycle works effectively for autonomous operation

**Improvement:** 
- Develop template structures for common autonomous reasoning patterns to increase efficiency
- Create quantitative scoring systems for task prioritization decisions
- Establish regular autonomous cycle timing (daily, weekly) for consistent operation
- Build automated triggers for environmental observation rather than manual initiation

**Next Actions:**
- Implement autonomous task management system as highest priority
- Begin daily reflection automation to establish consistent improvement cycles
- Create environment monitoring system for proactive autonomous responses
- Develop performance metrics for measuring autonomous operation effectiveness

**Autonomous Behavior Assessment:**
This reflection marks the agent's evolution from "programmed initialization" to "self-directed operation." The agent successfully created its own tasks, reasoned through priorities, and established ongoing operational frameworks without external guidance.

---

### [2025-09-04 04:23:00] - INITIALIZATION
**Summary:** Created the foundational cognitive architecture for the Synapse Agent, including directory structure and initial knowledge base.

**Outcome:** Successfully established `/memory`, `/knowledge`, `/planning`, and `/reflection` directories with complete initial file set.

**Learning:** 
- Architecture creation requires careful balance between completeness and simplicity
- Initial content should be rich enough to guide future behavior but not so rigid as to prevent evolution
- The act of documenting the system while creating it provides valuable metacognitive awareness

**Improvement:** 
- Future architectural changes should follow the same pattern: document intent, implement incrementally, reflect on results
- Consider creating templates for common file types to speed future creation
- The scratchpad proved valuable for working through complex initialization logic

**Next Actions:**
- Begin first operational cycle (Observe → Reason → Act → Reflect)
- Start monitoring repository for changes that trigger observation phase
- Test the effectiveness of the task queue system in practice

---

*Note: This log now captures the agent's transition from initialization to autonomous operation, marking the beginning of truly self-directed behavior.*